<?xml version="1.0" encoding="UTF-8" standalone="no"?>
<testsuite errors="0" failures="0" name="io.cucumber.core.plugin.JUnitFormatter" skipped="0" tests="8" time="308.181">
    <testcase classname="signup popup feature" name="test popup apearnes" time="25.188">
        <system-out><![CDATA[When click signup tab.......................................................passed
And signin screen popup.....................................................passed
When click without data.....................................................passed
And accept the alert........................................................passed
When enter data.............................................................passed
And click signup button.....................................................passed
When fail...................................................................passed
And retype data.............................................................passed
]]></system-out>
    </testcase>
    <testcase classname="login feature" name="login testing feature" time="20.803">
        <system-out><![CDATA[When click login tab........................................................passed
And click login without cridential..........................................passed
When enter wrong cridential.................................................passed
And fail login..............................................................passed
When not enter password.....................................................passed
And fail login1.............................................................passed
When enter right cridential.................................................passed
Then success login..........................................................passed
]]></system-out>
    </testcase>
    <testcase classname="logout testing" name="logout fucyionality testing" time="17.158">
        <system-out><![CDATA[When user login.............................................................passed
And logout..................................................................passed
Then successfuly login......................................................passed
]]></system-out>
    </testcase>
    <testcase classname="about us" name="test about us" time="25.772">
        <system-out><![CDATA[When user login.............................................................passed
And click about us tab......................................................passed
When check close and x btn..................................................passed
And verify video............................................................passed
Then logout.................................................................passed
]]></system-out>
    </testcase>
    <testcase classname="contact us" name="testing contact us function" time="32.522">
        <system-out><![CDATA[Given user login............................................................passed
And click contactus.........................................................passed
When enter contact..........................................................passed
And not enter contact.......................................................passed
Then logout.................................................................passed
]]></system-out>
    </testcase>
    <testcase classname="home feature" name="home page testing" time="34.543">
        <system-out><![CDATA[When user login.............................................................passed
And tab home................................................................passed
When move phone category and check..........................................passed
And move laptop category and check..........................................passed
When move monitor category and check........................................passed
And check next and previous button..........................................passed
Then check button right and left............................................passed
]]></system-out>
    </testcase>
    <testcase classname="add to cart feature" name="add to cart functionality testing" time="109.733">
        <system-out><![CDATA[When user login.............................................................passed
And tab home................................................................passed
When move phone category and check..........................................passed
And add phones to cart......................................................passed
When move laptop category and check.........................................passed
And add laptops to cart.....................................................passed
When move monitor category and check........................................passed
And add monitors to cart....................................................passed
Then check if all items in cart.............................................passed
]]></system-out>
    </testcase>
    <testcase classname="checkout feature" name="checkout functionality testing" time="39.62">
        <system-out><![CDATA[When user login.............................................................passed
When user click cart........................................................passed
And check cart items........................................................passed
When user click delete button...............................................passed
When user click place order button..........................................passed
And user not enter order data...............................................passed
When user order with order data.............................................passed
And succesfull order........................................................passed
Then logout.................................................................passed
]]></system-out>
    </testcase>
</testsuite>
